<?xml version="1.0" encoding="UTF-8"?>
<!-- Generated by org.testng.reporters.JUnitReportReporter -->
<testsuite skipped="0" hostname="ViksGriyMacBook" name="getRequests.GetData" tests="1" failures="0" timestamp="14 Nov 2018 03:33:42 GMT" time="1.776" errors="0">
  <testcase name="testResponse" time="1.776" classname="getRequests.GetData"/>
</testsuite> <!-- getRequests.GetData -->
